#
# There is insufficient memory for the Java Runtime Environment to continue.
# Native memory allocation (mmap) failed to map 65011712 bytes for Failed to commit area from 0x00000000c2800000 to 0x00000000c6600000 of length 65011712.
# Possible reasons:
#   The system is out of physical RAM or swap space
#   The process is running with CompressedOops enabled, and the Java Heap may be blocking the growth of the native heap
# Possible solutions:
#   Reduce memory load on the system
#   Increase physical memory or swap space
#   Check if swap backing store is full
#   Decrease Java heap size (-Xmx/-Xms)
#   Decrease number of Java threads
#   Decrease Java thread stack sizes (-Xss)
#   Set larger code cache with -XX:ReservedCodeCacheSize=
# This output file may be truncated or incomplete.
#
#  Out of Memory Error (t:/workspace/open/src/hotspot/os/windows/os_windows.cpp:3269), pid=11616, tid=11848
#
# JRE version:  (11.0.2+9) (build )
# Java VM: Java HotSpot(TM) 64-Bit Server VM (11.0.2+9-LTS, mixed mode, aot, sharing, tiered, compressed oops, g1 gc, windows-amd64)
# No core dump will be written. Minidumps are not enabled by default on client versions of Windows
#

---------------  S U M M A R Y ------------

Command Line: -Dfile.encoding=Cp1252 deal.Main

Host: Intel(R) Celeron(R) CPU N3350 @ 1.10GHz, 2 cores, 3G,  Windows 10 , 64 bit Build 17763 (10.0.17763.292)
Time: Sun Mar  3 19:25:42 2019 Mitteleuropäische Zeit elapsed time: 0 seconds (0d 0h 0m 0s)

---------------  T H R E A D  ---------------

Current thread (0x00000182d8b67000):  JavaThread "Unknown thread" [_thread_in_vm, id=11848, stack(0x0000000b67000000,0x0000000b67100000)]

Stack: [0x0000000b67000000,0x0000000b67100000]
Native frames: (J=compiled Java code, j=interpreted, Vv=VM code, C=native code)
V  [jvm.dll+0x63574a]
V  [jvm.dll+0x77326f]
V  [jvm.dll+0x77491a]
V  [jvm.dll+0x774fd3]
V  [jvm.dll+0x25e418]
V  [jvm.dll+0x632c0a]
V  [jvm.dll+0x627645]
V  [jvm.dll+0x314e7c]
V  [jvm.dll+0x314d02]
V  [jvm.dll+0x31a576]
V  [jvm.dll+0x36635f]
V  [jvm.dll+0x365d80]
V  [jvm.dll+0x2f19f8]
V  [jvm.dll+0x2f2b56]
V  [jvm.dll+0x74c817]
V  [jvm.dll+0x74df5f]
V  [jvm.dll+0x373179]
V  [jvm.dll+0x732eb9]
V  [jvm.dll+0x3e295d]
V  [jvm.dll+0x3e4c61]
C  [javaw.exe+0x3617]
C  [javaw.exe+0x17e2c]
C  [KERNEL32.DLL+0x181f4]
C  [ntdll.dll+0x6a251]


---------------  P R O C E S S  ---------------

Threads class SMR info:
_java_thread_list=0x00000182d6a97470, length=0, elements={
}

Java Threads: ( => current thread )

Other Threads:
  0x00000182d6b6b800 GCTaskThread "GC Thread#0" [stack: 0x0000000b67100000,0x0000000b67200000] [id=13412]
  0x00000182d8b93800 ConcurrentGCThread "G1 Main Marker" [stack: 0x0000000b67200000,0x0000000b67300000] [id=11584]
  0x00000182d8b97800 ConcurrentGCThread "G1 Conc#0" [stack: 0x0000000b67300000,0x0000000b67400000] [id=13416]

[error occurred during error reporting (printing all threads), id 0xc0000005, EXCEPTION_ACCESS_VIOLATION (0xc0000005) at pc=0x00007ffcd1fc0197]

VM state:not at safepoint (not fully initialized)

VM Mutex/Monitor currently owned by a thread:  ([mutex/lock_event])
[0x00000182d8b65ae0] Heap_lock - owner thread: 0x00000182d8b67000

Heap address: 0x00000000c2800000, size: 984 MB, Compressed Oops mode: Non-zero based: 0x00000000c2800000
Narrow klass base: 0x0000000000000000, Narrow klass shift: 0

GC Heap History (0 events):
No events

Deoptimization events (0 events):
No events

Classes redefined (0 events):
No events

Internal exceptions (0 events):
No events

Events (0 events):
No events


Dynamic libraries:
0x00007ff67f7a0000 - 0x00007ff67f7e7000 	D:\Programme\Java\jdk-11.0.2\bin\javaw.exe
0x00007ffd01c70000 - 0x00007ffd01e5d000 	C:\WINDOWS\SYSTEM32\ntdll.dll
0x00007ffd00270000 - 0x00007ffd00323000 	C:\WINDOWS\System32\KERNEL32.DLL
0x00007ffcfdd60000 - 0x00007ffcfdff3000 	C:\WINDOWS\System32\KERNELBASE.dll
0x00007ffcfffc0000 - 0x00007ffd00063000 	C:\WINDOWS\System32\ADVAPI32.dll
0x00007ffd00070000 - 0x00007ffd0010e000 	C:\WINDOWS\System32\msvcrt.dll
0x00007ffcff600000 - 0x00007ffcff69e000 	C:\WINDOWS\System32\sechost.dll
0x00007ffd019d0000 - 0x00007ffd01af2000 	C:\WINDOWS\System32\RPCRT4.dll
0x00007ffcffcd0000 - 0x00007ffcffe67000 	C:\WINDOWS\System32\USER32.dll
0x00007ffcfdd40000 - 0x00007ffcfdd60000 	C:\WINDOWS\System32\win32u.dll
0x00007ffcfef00000 - 0x00007ffcfef29000 	C:\WINDOWS\System32\GDI32.dll
0x00007ffcfe1b0000 - 0x00007ffcfe34a000 	C:\WINDOWS\System32\gdi32full.dll
0x00007ffcfe460000 - 0x00007ffcfe500000 	C:\WINDOWS\System32\msvcp_win.dll
0x00007ffcfe000000 - 0x00007ffcfe0fc000 	C:\WINDOWS\System32\ucrtbase.dll
0x00007ffcefd60000 - 0x00007ffceffd9000 	C:\WINDOWS\WinSxS\amd64_microsoft.windows.common-controls_6595b64144ccf1df_6.0.17763.316_none_05b53be2071f46b6\COMCTL32.dll
0x00007ffcff2c0000 - 0x00007ffcff5ed000 	C:\WINDOWS\System32\combase.dll
0x00007ffcfe100000 - 0x00007ffcfe17e000 	C:\WINDOWS\System32\bcryptPrimitives.dll
0x00007ffcf2c10000 - 0x00007ffcf2c1a000 	C:\WINDOWS\SYSTEM32\VERSION.dll
0x00007ffcffe80000 - 0x00007ffcffeae000 	C:\WINDOWS\System32\IMM32.DLL
0x00007ffcf9e70000 - 0x00007ffcf9e86000 	D:\Programme\Java\jdk-11.0.2\bin\vcruntime140.dll
0x00007ffce1dd0000 - 0x00007ffce1e7a000 	D:\Programme\Java\jdk-11.0.2\bin\msvcp140.dll
0x00007ffcd1cc0000 - 0x00007ffcd27e7000 	D:\Programme\Java\jdk-11.0.2\bin\server\jvm.dll
0x00007ffd01b00000 - 0x00007ffd01b08000 	C:\WINDOWS\System32\PSAPI.DLL
0x00007ffce4030000 - 0x00007ffce4039000 	C:\WINDOWS\SYSTEM32\WSOCK32.dll
0x00007ffcff250000 - 0x00007ffcff2bd000 	C:\WINDOWS\System32\WS2_32.dll
0x00007ffcf98a0000 - 0x00007ffcf98c4000 	C:\WINDOWS\SYSTEM32\WINMM.dll
0x00007ffcf9870000 - 0x00007ffcf989d000 	C:\WINDOWS\SYSTEM32\WINMMBASE.dll
0x00007ffcfee30000 - 0x00007ffcfee7a000 	C:\WINDOWS\System32\cfgmgr32.dll
0x00007ffcfdc70000 - 0x00007ffcfdc81000 	C:\WINDOWS\System32\kernel.appcore.dll
0x00007ffcf9e50000 - 0x00007ffcf9e61000 	D:\Programme\Java\jdk-11.0.2\bin\verify.dll
0x00007ffcfc570000 - 0x00007ffcfc75d000 	C:\WINDOWS\SYSTEM32\DBGHELP.DLL
0x00007ffce26f0000 - 0x00007ffce271a000 	C:\WINDOWS\SYSTEM32\dbgcore.DLL
0x00007ffceda40000 - 0x00007ffceda69000 	D:\Programme\Java\jdk-11.0.2\bin\java.dll
0x00007ffcef850000 - 0x00007ffcef866000 	D:\Programme\Java\jdk-11.0.2\bin\zip.dll
0x00007ffcf9d70000 - 0x00007ffcf9d7a000 	D:\Programme\Java\jdk-11.0.2\bin\jimage.dll

dbghelp: loaded successfully - version: 4.0.5 - missing functions: none
symbol engine: initialized successfully - sym options: 0x614 - pdb path: .;D:\Programme\Java\jdk-11.0.2\bin;C:\WINDOWS\SYSTEM32;C:\WINDOWS\WinSxS\amd64_microsoft.windows.common-controls_6595b64144ccf1df_6.0.17763.316_none_05b53be2071f46b6;D:\Programme\Java\jdk-11.0.2\bin\server

VM Arguments:
jvm_args: -Dfile.encoding=Cp1252 
java_command: deal.Main
java_class_path (initial): D:\OneDrive - ASW - Berufsakademie Saarland University of cooperative education\eclipse-workspace\DealOrNoDeal\bin
Launcher Type: SUN_STANDARD

[Global flags]
     intx CICompilerCount                          = 2                                         {product} {ergonomic}
     uint ConcGCThreads                            = 1                                         {product} {ergonomic}
     uint G1ConcRefinementThreads                  = 2                                         {product} {ergonomic}
   size_t G1HeapRegionSize                         = 1048576                                   {product} {ergonomic}
    uintx GCDrainStackTargetSize                   = 64                                        {product} {ergonomic}
   size_t InitialHeapSize                          = 65011712                                  {product} {ergonomic}
   size_t MarkStackSize                            = 4194304                                   {product} {ergonomic}
   size_t MaxHeapSize                              = 1031798784                                {product} {ergonomic}
   size_t MinHeapDeltaBytes                        = 1048576                                   {product} {ergonomic}
    uintx NonNMethodCodeHeapSize                   = 5824844                                {pd product} {ergonomic}
    uintx NonProfiledCodeHeapSize                  = 122916698                              {pd product} {ergonomic}
    uintx ProfiledCodeHeapSize                     = 122916698                              {pd product} {ergonomic}
    uintx ReservedCodeCacheSize                    = 251658240                              {pd product} {ergonomic}
     bool SegmentedCodeCache                       = true                                      {product} {ergonomic}
     bool UseCompressedClassPointers               = true                                 {lp64_product} {ergonomic}
     bool UseCompressedOops                        = true                                 {lp64_product} {ergonomic}
     bool UseG1GC                                  = true                                      {product} {ergonomic}
     bool UseLargePagesIndividualAllocation        = false                                  {pd product} {ergonomic}

Logging:
Log output configuration:
 #0: stdout all=warning uptime,level,tags
 #1: stderr all=off uptime,level,tags

Environment Variables:
PATH=C:/Program Files/Java/jre1.8.0_201/bin/server;C:/Program Files/Java/jre1.8.0_201/bin;C:/Program Files/Java/jre1.8.0_201/lib/amd64;C:\ProgramData\Boxstarter;C:\Program Files (x86)\Common Files\Oracle\Java\javapath;C:\WINDOWS\system32;C:\WINDOWS;C:\WINDOWS\System32\Wbem;C:\WINDOWS\System32\WindowsPowerShell\v1.0\;C:\WINDOWS\System32\OpenSSH\;D:\Programme\MiKTeX\miktex\bin\x64\;C:\ProgramData\chocolatey\bin;D:\Programme\python3\Scripts\;D:\Programme\python3\;D:\Programme\texlive\2018\bin\win32;C:\Users\Sebastian\AppData\Local\Microsoft\WindowsApps;D:\Programme\MiKTeX\miktex\bin\x64;C:\Users\Sebastian\AppData\Local\atom\bin;D:\Programme\Microsoft VS Code\bin;D:\Programme\apache-maven-3.6.0\bin;;C:\Users\Sebastian\Desktop;
USERNAME=Sebastian
OS=Windows_NT
PROCESSOR_IDENTIFIER=Intel64 Family 6 Model 92 Stepping 9, GenuineIntel



---------------  S Y S T E M  ---------------

OS: Windows 10 , 64 bit Build 17763 (10.0.17763.292)

CPU:total 2 (initial active 2) (2 cores per cpu, 1 threads per core) family 6 model 92 stepping 9, cmov, cx8, fxsr, mmx, sse, sse2, sse3, ssse3, sse4.1, sse4.2, popcnt, aes, clmul, erms, 3dnowpref, tsc, tscinvbit, sha

Memory: 4k page, system-wide physical 3928M (380M free)
TotalPageFile size 11249M (AvailPageFile size 55M)
current process WorkingSet (physical memory assigned to process): 9M, peak: 9M
current process commit charge ("private bytes"): 47M, peak: 109M

vm_info: Java HotSpot(TM) 64-Bit Server VM (11.0.2+9-LTS) for windows-amd64 JRE (11.0.2+9-LTS), built on Jan 18 2019 05:24:10 by "mach5one" with MS VC++ 15.5 (VS2017)

END.
